app/build/intermediates/manifest_merge_blame_file/debug/manifest-merger-blame-debug-report.txt
1<?xml version="1.0" encoding="utf-8"?>
2<manifest xmlns:android="http://schemas.android.com/apk/res/android"
3    xmlns:dist="http://schemas.android.com/apk/distribution"
4    package="com.ulusoyomer.AmiralBatti"
5    android:versionCode="1"
6    android:versionName="1.0" >
7
8    <uses-sdk
9        android:minSdkVersion="21"
9-->src\main\AndroidManifest.xml
10        android:targetSdkVersion="29" />
10-->src\main\AndroidManifest.xml
11
12    <uses-permission android:name="android.permission.BLUETOOTH" />
12-->src\main\AndroidManifest.xml:5:5-68
12-->src\main\AndroidManifest.xml:5:22-65
13    <uses-permission android:name="android.permission.BLUETOOTH_ADMIN" />
13-->src\main\AndroidManifest.xml:6:5-74
13-->src\main\AndroidManifest.xml:6:22-71
14    <uses-permission android:name="android.permission.ACCESS_COARSE_LOCATION" />
14-->src\main\AndroidManifest.xml:7:5-81
14-->src\main\AndroidManifest.xml:7:22-78
15    <uses-permission android:name="android.permission.ACCESS_FINE_LOCATION" />
15-->src\main\AndroidManifest.xml:8:5-79
15-->src\main\AndroidManifest.xml:8:22-76
16
17    <dist:module dist:instant="true" />
17-->src\main\AndroidManifest.xml:9:5-40
17-->src\main\AndroidManifest.xml:9:18-37
18
19    <application
19-->src\main\AndroidManifest.xml:10:5-31:19
20        android:allowBackup="true"
20-->src\main\AndroidManifest.xml:11:9-35
21        android:appComponentFactory="androidx.core.app.CoreComponentFactory"
21-->[androidx.core:core:1.0.2] AndroidManifest.xml:22:18-86
22        android:debuggable="true"
23        android:icon="@mipmap/ic_launcher"
23-->src\main\AndroidManifest.xml:12:9-43
24        android:label="@string/app_name"
24-->src\main\AndroidManifest.xml:13:9-41
25        android:roundIcon="@mipmap/ic_launcher_round"
25-->src\main\AndroidManifest.xml:14:9-54
26        android:supportsRtl="true"
26-->src\main\AndroidManifest.xml:15:9-35
27        android:testOnly="true"
28        android:theme="@style/AppTheme" >
28-->src\main\AndroidManifest.xml:16:9-40
29        <activity
29-->src\main\AndroidManifest.xml:17:9-20:25
30            android:name="com.ulusoyomer.AmiralBatti.GameActivity"
30-->src\main\AndroidManifest.xml:17:19-47
31            android:configChanges="orientation|screenSize|keyboardHidden"
31-->src\main\AndroidManifest.xml:18:13-74
32            android:screenOrientation="landscape" />
32-->src\main\AndroidManifest.xml:19:13-50
33        <activity
33-->src\main\AndroidManifest.xml:21:9-30:20
34            android:name="com.ulusoyomer.AmiralBatti.MainActivity"
34-->src\main\AndroidManifest.xml:22:13-41
35            android:configChanges="orientation|screenSize|keyboardHidden"
35-->src\main\AndroidManifest.xml:23:13-74
36            android:screenOrientation="landscape" >
36-->src\main\AndroidManifest.xml:24:13-50
37            <intent-filter>
37-->src\main\AndroidManifest.xml:25:13-29:29
38                <action android:name="android.intent.action.MAIN" />
38-->src\main\AndroidManifest.xml:26:17-69
38-->src\main\AndroidManifest.xml:26:25-66
39
40                <category android:name="android.intent.category.LAUNCHER" />
40-->src\main\AndroidManifest.xml:28:17-77
40-->src\main\AndroidManifest.xml:28:27-74
41            </intent-filter>
42        </activity>
43    </application>
44
45</manifest>